***********************************************************************************
Fecha / Hora : 2023/03/03 10:58:34
Error : 'I2C write failed'
***********************************************************************************
Fecha / Hora : 2023/03/03 10:59:54
Error : 'I2C write failed'
***********************************************************************************
Fecha / Hora : 2023/03/03 11:04:21
Error : 'I2C write failed'
***********************************************************************************
Fecha / Hora : 2023/03/03 11:04:38
Error : 'I2C write failed'
***********************************************************************************
Fecha / Hora : 2023/03/03 11:06:30
Error : list index out of range
***********************************************************************************
Fecha / Hora : 2023/03/03 11:07:02
Error : list index out of range
***********************************************************************************
Fecha / Hora : 2023/03/03 11:07:44
Error : list index out of range
***********************************************************************************
Fecha / Hora : 2023/03/03 11:07:53
Error : list index out of range
***********************************************************************************
Fecha / Hora : 2023/03/03 11:25:11
Error : list index out of range
***********************************************************************************
Fecha / Hora : 2023/03/03 11:25:43
Error : list index out of range
***********************************************************************************
Fecha / Hora : 2023/03/09 16:18:52
Error : 'I2C write failed'
***********************************************************************************
Fecha / Hora : 2023/03/09 16:20:25
Error : 'I2C write failed'
***********************************************************************************
Fecha / Hora : 2023/03/09 16:21:30
Error : 'bad I2C bus'
***********************************************************************************
Fecha / Hora : 2023/03/09 16:23:42
Error : 'bad I2C bus'
***********************************************************************************
Fecha / Hora : 2023/03/09 16:24:13
Error : 'I2C write failed'
***********************************************************************************
Fecha / Hora : 2023/03/09 16:24:49
Error : 'I2C write failed'
***********************************************************************************
Fecha / Hora : 2023/03/09 16:28:33
Error : 'I2C write failed'
***********************************************************************************
Fecha / Hora : 2023/03/09 16:39:44
Error : 'I2C write failed'
