***********************************************************************************
Fecha / Hora : 2023/03/09 16:18:58
CONEXION MQTT ESTABLECIDA
***********************************************************************************
Fecha / Hora : 2023/03/09 16:20:31
CONEXION MQTT ESTABLECIDA
***********************************************************************************
Fecha / Hora : 2023/03/09 16:21:36
CONEXION MQTT ESTABLECIDA
***********************************************************************************
Fecha / Hora : 2023/03/09 16:23:49
CONEXION MQTT ESTABLECIDA
***********************************************************************************
Fecha / Hora : 2023/03/09 16:24:20
CONEXION MQTT ESTABLECIDA
***********************************************************************************
Fecha / Hora : 2023/03/09 16:24:55
CONEXION MQTT ESTABLECIDA
***********************************************************************************
Fecha / Hora : 2023/03/09 16:28:39
CONEXION MQTT ESTABLECIDA
***********************************************************************************
Fecha / Hora : 2023/03/09 16:39:50
CONEXION MQTT ESTABLECIDA
***********************************************************************************
Fecha / Hora : 2023/03/09 16:46:43
CONEXION MQTT ESTABLECIDA
***********************************************************************************
Fecha / Hora : 2023/03/09 16:48:36
Send to topic RPI/JPH/HBL/Send: { "puerta"  : "Acesso Repetto",                                    "cambio"  : +1,                                       "intruso" : "si"  }
***********************************************************************************
Fecha / Hora : 2023/03/09 16:48:58
Send to topic RPI/JPH/HBL/Send: { "puerta"  : "Acesso Repetto",                                    "cambio"  : +1,                                       "intruso" : "si"  }
***********************************************************************************
Fecha / Hora : 2023/03/09 16:49:01
Send to topic RPI/JPH/HBL/Send: { "puerta"  : "Acesso Repetto",                                    "cambio"  : +1,                                       "intruso" : "si"  }
***********************************************************************************
Fecha / Hora : 2023/03/09 16:55:32
CONEXION MQTT ESTABLECIDA
***********************************************************************************
Fecha / Hora : 2023/03/09 16:55:36
Send to topic RPI/JPH/HBL/Send: { "puerta"  : "Acesso Repetto",                                    "cambio"  : +1,                                       "intruso" : "si"  }
***********************************************************************************
Fecha / Hora : 2023/03/09 16:55:39
Send to topic RPI/JPH/HBL/Send: { "puerta"  : "Acesso Repetto",                                    "cambio"  : +1,                                       "intruso" : "si"  }
***********************************************************************************
Fecha / Hora : 2023/03/09 16:55:44
Send to topic RPI/JPH/HBL/Send: { "puerta"  : "Acesso Repetto",                                    "cambio"  : +1,                                       "intruso" : "si"  }
***********************************************************************************
Fecha / Hora : 2023/03/09 16:56:11
CONEXION MQTT ESTABLECIDA
***********************************************************************************
Fecha / Hora : 2023/03/09 16:56:18
Send to topic RPI/JPH/HBL/Send: { "puerta"  : "Acesso Repetto",                                    "cambio"  : +1,                                       "intruso" : "si"  }
***********************************************************************************
Fecha / Hora : 2023/03/09 16:56:21
Send to topic RPI/JPH/HBL/Send: { "puerta"  : "Acesso Repetto",                                    "cambio"  : +1,                                       "intruso" : "si"  }
***********************************************************************************
Fecha / Hora : 2023/03/09 16:56:24
Send to topic RPI/JPH/HBL/Send: { "puerta"  : "Acesso Repetto",                                    "cambio"  : +1,                                       "intruso" : "si"  }
***********************************************************************************
Fecha / Hora : 2023/03/09 16:56:26
Send to topic RPI/JPH/HBL/Send: { "puerta"  : "Acesso Repetto",                                    "cambio"  : +1,                                       "intruso" : "si"  }
***********************************************************************************
Fecha / Hora : 2023/03/09 16:56:29
Send to topic RPI/JPH/HBL/Send: { "puerta"  : "Acesso Repetto",                                    "cambio"  : +1,                                       "intruso" : "si"  }
***********************************************************************************
Fecha / Hora : 2023/03/17 16:00:28
CONEXION MQTT ESTABLECIDA
***********************************************************************************
Fecha / Hora : 2023/03/17 16:02:05
Send to topic RPI/JPH/HBL/Send: { "puerta"  : "Acesso Repetto",                                    "cambio"  : +1,                                       "intruso" : "si"  }
***********************************************************************************
Fecha / Hora : 2023/03/17 16:02:30
Send to topic RPI/JPH/HBL/Send: { "puerta"  : "Acesso Repetto",                                    "cambio"  : +1,                                       "intruso" : "no"  }
***********************************************************************************
Fecha / Hora : 2023/03/17 16:49:58
CONEXION MQTT ESTABLECIDA
***********************************************************************************
Fecha / Hora : 2023/03/17 16:50:18
CONEXION MQTT ESTABLECIDA
***********************************************************************************
Fecha / Hora : 2023/03/17 16:50:58
CONEXION MQTT ESTABLECIDA
***********************************************************************************
Fecha / Hora : 2023/03/17 16:51:29
CONEXION MQTT ESTABLECIDA
***********************************************************************************
Fecha / Hora : 2023/03/17 16:53:00
CONEXION MQTT ESTABLECIDA
***********************************************************************************
Fecha / Hora : 2023/03/17 16:53:42
CONEXION MQTT ESTABLECIDA
***********************************************************************************
Fecha / Hora : 2023/03/17 16:54:09
CONEXION MQTT ESTABLECIDA
***********************************************************************************
Fecha / Hora : 2023/03/17 16:55:08
CONEXION MQTT ESTABLECIDA
***********************************************************************************
Fecha / Hora : 2023/03/17 16:55:56
CONEXION MQTT ESTABLECIDA
***********************************************************************************
Fecha / Hora : 2023/03/17 16:56:43
CONEXION MQTT ESTABLECIDA
***********************************************************************************
Fecha / Hora : 2023/03/17 16:56:57
CONEXION MQTT ESTABLECIDA
***********************************************************************************
Fecha / Hora : 2023/03/17 17:12:57
CONEXION MQTT ESTABLECIDA
***********************************************************************************
Fecha / Hora : 2023/03/17 17:13:07
Send to topic RPI/JPH/HBL/Send: { "puerta"  : "Acesso Repetto",                                    "cambio"  : +1,                                       "intruso" : "si"  }
***********************************************************************************
Fecha / Hora : 2023/03/17 17:13:48
CONEXION MQTT ESTABLECIDA
***********************************************************************************
Fecha / Hora : 2023/03/17 17:45:48
CONEXION MQTT ESTABLECIDA
***********************************************************************************
Fecha / Hora : 2023/03/17 17:46:57
CONEXION MQTT ESTABLECIDA
***********************************************************************************
Fecha / Hora : 2023/03/17 17:48:35
CONEXION MQTT ESTABLECIDA
***********************************************************************************
Fecha / Hora : 2023/03/21 11:18:36
CONEXION MQTT ESTABLECIDA
***********************************************************************************
Fecha / Hora : 2023/03/21 12:24:20
CONEXION MQTT ESTABLECIDA
***********************************************************************************
Fecha / Hora : 2023/03/21 12:24:47
CONEXION MQTT ESTABLECIDA
***********************************************************************************
Fecha / Hora : 2023/03/21 12:25:22
CONEXION MQTT ESTABLECIDA
***********************************************************************************
Fecha / Hora : 2023/03/21 15:03:41
CONEXION MQTT ESTABLECIDA
***********************************************************************************
Fecha / Hora : 2023/03/21 15:04:26
CONEXION MQTT ESTABLECIDA
***********************************************************************************
Fecha / Hora : 2023/03/21 15:04:57
CONEXION MQTT ESTABLECIDA
***********************************************************************************
Fecha / Hora : 2023/03/21 15:05:18
CONEXION MQTT ESTABLECIDA
***********************************************************************************
Fecha / Hora : 2023/03/21 15:22:43
CONEXION MQTT ESTABLECIDA
***********************************************************************************
Fecha / Hora : 2023/03/21 15:28:37
CONEXION MQTT ESTABLECIDA
***********************************************************************************
Fecha / Hora : 2023/03/21 15:37:57
CONEXION MQTT ESTABLECIDA
***********************************************************************************
Fecha / Hora : 2023/03/21 15:38:35
Send to topic RPI/JPH/HBL/Send: { "puerta"  : "Acesso Repetto",                                    "cambio"  : +1,                                       "intruso" : "si"  }
***********************************************************************************
Fecha / Hora : 2023/03/21 15:38:52
Send to topic RPI/JPH/HBL/Send: { "puerta"  : "Acesso Repetto",                                    "cambio"  : -1,                                       "intruso" : "no"  }
***********************************************************************************
Fecha / Hora : 2023/03/21 15:39:03
Send to topic RPI/JPH/HBL/Send: { "puerta"  : "Acesso Repetto",                                    "cambio"  : +1,                                       "intruso" : "si"  }
***********************************************************************************
Fecha / Hora : 2023/03/21 15:39:08
Send to topic RPI/JPH/HBL/Send: { "puerta"  : "Acesso Repetto",                                    "cambio"  : +1,                                       "intruso" : "si"  }
***********************************************************************************
Fecha / Hora : 2023/03/21 15:39:15
Send to topic RPI/JPH/HBL/Send: { "puerta"  : "Acesso Repetto",                                    "cambio"  : +1,                                       "intruso" : "si"  }
***********************************************************************************
Fecha / Hora : 2023/03/21 15:39:20
Send to topic RPI/JPH/HBL/Send: { "puerta"  : "Acesso Repetto",                                    "cambio"  : +1,                                       "intruso" : "si"  }
***********************************************************************************
Fecha / Hora : 2023/03/21 15:39:40
Send to topic RPI/JPH/HBL/Send: { "puerta"  : "Acesso Repetto",                                    "cambio"  : +1,                                       "intruso" : "si"  }
***********************************************************************************
Fecha / Hora : 2023/03/21 15:39:46
Send to topic RPI/JPH/HBL/Send: { "puerta"  : "Acesso Repetto",                                    "cambio"  : +1,                                       "intruso" : "si"  }
***********************************************************************************
Fecha / Hora : 2023/03/21 15:39:51
Send to topic RPI/JPH/HBL/Send: { "puerta"  : "Acesso Repetto",                                    "cambio"  : +1,                                       "intruso" : "si"  }
***********************************************************************************
Fecha / Hora : 2023/03/21 15:40:20
Send to topic RPI/JPH/HBL/Send: { "puerta"  : "Acesso Repetto",                                    "cambio"  : -1,                                       "intruso" : "no"  }
***********************************************************************************
Fecha / Hora : 2023/03/21 15:40:24
Send to topic RPI/JPH/HBL/Send: { "puerta"  : "Acesso Repetto",                                    "cambio"  : -1,                                       "intruso" : "no"  }
***********************************************************************************
Fecha / Hora : 2023/03/21 15:40:28
Send to topic RPI/JPH/HBL/Send: { "puerta"  : "Acesso Repetto",                                    "cambio"  : -1,                                       "intruso" : "no"  }
***********************************************************************************
Fecha / Hora : 2023/03/21 15:40:31
Send to topic RPI/JPH/HBL/Send: { "puerta"  : "Acesso Repetto",                                    "cambio"  : -1,                                       "intruso" : "no"  }
***********************************************************************************
Fecha / Hora : 2023/03/21 15:40:45
Send to topic RPI/JPH/HBL/Send: { "puerta"  : "Acesso Repetto",                                    "cambio"  : -1,                                       "intruso" : "no"  }
***********************************************************************************
Fecha / Hora : 2023/03/21 15:40:56
Send to topic RPI/JPH/HBL/Send: { "puerta"  : "Acesso Repetto",                                    "cambio"  : -1,                                       "intruso" : "no"  }
***********************************************************************************
Fecha / Hora : 2023/03/21 15:41:12
Send to topic RPI/JPH/HBL/Send: { "puerta"  : "Acesso Repetto",                                    "cambio"  : -1,                                       "intruso" : "no"  }
***********************************************************************************
Fecha / Hora : 2023/03/21 17:06:07
CONEXION MQTT ESTABLECIDA
***********************************************************************************
Fecha / Hora : 2023/03/21 17:09:36
CONEXION MQTT ESTABLECIDA
***********************************************************************************
Fecha / Hora : 2023/03/21 17:10:17
CONEXION MQTT ESTABLECIDA
***********************************************************************************
Fecha / Hora : 2023/03/21 17:12:56
Send to topic RPI/JPH/HBL/Send: { "puerta"  : "Acesso Repetto",                                    "cambio"  : +1,                                       "intruso" : "si"  }
***********************************************************************************
Fecha / Hora : 2023/03/21 17:12:56
Send to topic RPI/JPH/HBL/Send: { "puerta"  : "Acesso Repetto",                                    "cambio"  : +1,                                       "intruso" : "si"  }
***********************************************************************************
Fecha / Hora : 2023/03/21 17:31:03
CONEXION MQTT ESTABLECIDA
***********************************************************************************
Fecha / Hora : 2023/03/21 17:32:57
CONEXION MQTT ESTABLECIDA
***********************************************************************************
Fecha / Hora : 2023/03/21 17:35:14
CONEXION MQTT ESTABLECIDA
***********************************************************************************
Fecha / Hora : 2023/03/21 17:36:26
CONEXION MQTT ESTABLECIDA
***********************************************************************************
Fecha / Hora : 2023/03/21 17:38:04
CONEXION MQTT ESTABLECIDA
***********************************************************************************
Fecha / Hora : 2023/03/21 17:38:52
CONEXION MQTT ESTABLECIDA
***********************************************************************************
Fecha / Hora : 2023/03/21 17:39:07
Send to topic RPI/JPH/HBL/Send: { "puerta"  : "Acesso Repetto",                                    "cambio"  : +1,                                       "intruso" : "si"  }
***********************************************************************************
Fecha / Hora : 2023/03/21 17:39:32
Send to topic RPI/JPH/HBL/Send: { "puerta"  : "Acesso Repetto",                                    "cambio"  : +1,                                       "intruso" : "si"  }
***********************************************************************************
Fecha / Hora : 2023/03/21 17:39:38
Send to topic RPI/JPH/HBL/Send: { "puerta"  : "Acesso Repetto",                                    "cambio"  : -1,                                       "intruso" : "no"  }
***********************************************************************************
Fecha / Hora : 2023/03/21 17:41:02
CONEXION MQTT ESTABLECIDA
***********************************************************************************
Fecha / Hora : 2023/03/21 17:46:53
CONEXION MQTT ESTABLECIDA
***********************************************************************************
Fecha / Hora : 2023/03/21 17:47:20
CONEXION MQTT ESTABLECIDA
***********************************************************************************
Fecha / Hora : 2023/03/21 17:55:27
CONEXION MQTT ESTABLECIDA
***********************************************************************************
Fecha / Hora : 2023/03/21 17:55:47
Send to topic RPI/JPH/HBL/Send: { "puerta"  : "Acesso Repetto",                                    "cambio"  : +1,                                       "intruso" : "si"  }
***********************************************************************************
Fecha / Hora : 2023/03/21 17:55:50
Send to topic RPI/JPH/HBL/Send: { "puerta"  : "Acesso Repetto",                                    "cambio"  : +1,                                       "intruso" : "si"  }
***********************************************************************************
Fecha / Hora : 2023/03/21 17:56:11
Send to topic RPI/JPH/HBL/Send: { "puerta"  : "Acesso Repetto",                                    "cambio"  : +1,                                       "intruso" : "si"  }
***********************************************************************************
Fecha / Hora : 2023/03/21 17:56:17
Send to topic RPI/JPH/HBL/Send: { "puerta"  : "Acesso Repetto",                                    "cambio"  : -1,                                       "intruso" : "no"  }
***********************************************************************************
Fecha / Hora : 2023/03/21 17:56:23
Send to topic RPI/JPH/HBL/Send: { "puerta"  : "Acesso Repetto",                                    "cambio"  : -1,                                       "intruso" : "no"  }
***********************************************************************************
Fecha / Hora : 2023/03/21 17:56:39
Send to topic RPI/JPH/HBL/Send: { "puerta"  : "Acesso Repetto",                                    "cambio"  : -1,                                       "intruso" : "no"  }
***********************************************************************************
Fecha / Hora : 2023/03/21 17:57:03
Send to topic RPI/JPH/HBL/Send: { "puerta"  : "Acesso Repetto",                                    "cambio"  : +1,                                       "intruso" : "si"  }
***********************************************************************************
Fecha / Hora : 2023/03/21 17:57:12
Send to topic RPI/JPH/HBL/Send: { "puerta"  : "Acesso Repetto",                                    "cambio"  : +1,                                       "intruso" : "si"  }
***********************************************************************************
Fecha / Hora : 2023/03/21 17:57:18
Send to topic RPI/JPH/HBL/Send: { "puerta"  : "Acesso Repetto",                                    "cambio"  : +1,                                       "intruso" : "si"  }
***********************************************************************************
Fecha / Hora : 2023/03/21 17:57:32
Send to topic RPI/JPH/HBL/Send: { "puerta"  : "Acesso Repetto",                                    "cambio"  : +1,                                       "intruso" : "si"  }
***********************************************************************************
Fecha / Hora : 2023/03/22 10:09:49
CONEXION MQTT ESTABLECIDA
***********************************************************************************
Fecha / Hora : 2023/03/22 10:38:37
CONEXION MQTT ESTABLECIDA
