ERROR 100 : Wiegand IN
Fecha / Hora : 2023/02/17 15:22:28
Cant. Bits : 2
Valor Binario : 10
ID : 99999
-------------------------
Fecha / Hora : 2023/02/17 15:38:31
Cant. Bits : 34
Valor Binario : 1000000100011000010011010011001101
ID : 36739686
-------------------------


Error : Dato no actualizado
Fecha / Hora : 2023/02/17 15:42:09
Cant. Bits : 34
Valor Binario : 1000000100011000010011010011001101
ID : 36739686
-------------------------


Error : Dato no actualizado
Fecha / Hora : 2023/02/17 15:46:26
Cant. Bits : 34
Valor Binario : 1000000100011000010011010011001101
ID : 36739686
-------------------------


Error : Dato no actualizado
Fecha / Hora : 2023/02/17 15:46:52
Cant. Bits : 34
Valor Binario : 1000000100011000010011010011001101
ID : 36739686
-------------------------


Error : Dato no actualizado
Fecha / Hora : 2023/02/17 15:53:07
Cant. Bits : 34
Valor Binario : 1000000100011000010011010011001101
ID : 36739686
-------------------------


Error : Dato no actualizado
Fecha / Hora : 2023/02/17 15:54:38
Cant. Bits : 34
Valor Binario : 1000000100011000010011010011001101
ID : 36739686
-------------------------


Error : Dato no actualizado
Fecha / Hora : 2023/02/17 15:58:07
Cant. Bits : 34
Valor Binario : 1000000100011000010011010011001101
ID : 36739686
-------------------------


Error : Dato no actualizado
Fecha / Hora : 2023/02/17 15:58:34
Cant. Bits : 34
Valor Binario : 1000000100011000010011010011001101
ID : 36739686
-------------------------


Error : Dato no actualizado
Fecha / Hora : 2023/02/17 15:58:46
Cant. Bits : 34
Valor Binario : 1000000100011000010011010011001101
ID : 36739686
-------------------------


Error : Dato no actualizado
Fecha / Hora : 2023/02/22 14:12:42
Cant. Bits : 34
Valor Binario : 1000000100011000010011010011001101
ID : 36739686
-------------------------


Error : Dato no actualizado
Fecha / Hora : 2023/02/22 14:15:44
Cant. Bits : 34
Valor Binario : 1000000100011000010011010011001101
ID : 36739686
-------------------------


Error : Dato no actualizado
Fecha / Hora : 2023/02/22 14:16:28
Cant. Bits : 34
Valor Binario : 1000000100011000010011010011001101
ID : 36739686
-------------------------


Error : Dato no actualizado
Fecha / Hora : 2023/02/22 14:16:55
Cant. Bits : 34
Valor Binario : 1000000100011000010011010011001101
ID : 36739686
-------------------------


Error : Dato no actualizado
Fecha / Hora : 2023/02/22 14:21:29
Cant. Bits : 34
Valor Binario : 1000000100011000010011010011001101
ID : 36739686
-------------------------


Error : Dato no actualizado
Fecha / Hora : 2023/02/22 15:18:48
Cant. Bits : 34
Valor Binario : 1000000100011000010011010011001101
ID : 36739686
-------------------------


Error : Dato no actualizado
Fecha / Hora : 2023/02/22 15:20:34
Cant. Bits : 34
Valor Binario : 1000000100011000010011010011001101
ID : 36739686
-------------------------


Error : Dato no actualizado
Fecha / Hora : 2023/02/22 15:22:52
Cant. Bits : 34
Valor Binario : 1000000100011000010011010011001101
ID : 36739686
-------------------------


Error : Dato no actualizado
Fecha / Hora : 2023/02/22 15:25:12
Cant. Bits : 34
Valor Binario : 1000000100011000010011010011001101
ID : 36739686
-------------------------


Error : Dato no actualizado
Fecha / Hora : 2023/02/22 15:25:37
Cant. Bits : 34
Valor Binario : 1000000100011000010011010011001101
ID : 36739686
-------------------------


Error : Dato no actualizado
Fecha / Hora : 2023/02/22 15:39:42
Cant. Bits : 34
Valor Binario : 1000000100011000010011010011001101
ID : 36739686
-------------------------


Error : Dato no actualizado
Fecha / Hora : 2023/02/22 15:44:48
Cant. Bits : 34
Valor Binario : 1000000100011000010011010011001101
ID : 36739686
-------------------------


Error : Dato no actualizado
Fecha / Hora : 2023/02/22 15:46:20
Cant. Bits : 34
Valor Binario : 1000000100011000010011010011001101
ID : 36739686
-------------------------


Error : Dato no actualizado
Fecha / Hora : 2023/02/22 15:59:48
Cant. Bits : 34
Valor Binario : 1000000100011000010011010011001101
ID : 36739686
-------------------------


Error : Dato no actualizado
Fecha / Hora : 2023/02/22 16:00:40
Cant. Bits : 34
Valor Binario : 1000000100011000010011010011001101
ID : 36739686
-------------------------


Error : Dato no actualizado
Fecha / Hora : 2023/02/22 16:38:56
Cant. Bits : 34
Valor Binario : 1000000100011000010011010011001101
ID : 36739686
-------------------------


Error : Dato no actualizado
Fecha / Hora : 2023/02/22 16:39:21
Cant. Bits : 34
Valor Binario : 1000000100011000010011010011001101
ID : 36739686
-------------------------


Error : Dato no actualizado
Fecha / Hora : 2023/02/22 16:39:53
Cant. Bits : 34
Valor Binario : 1000000100011000010011010011001101
ID : 36739686
-------------------------


Error : Dato no actualizado
Fecha / Hora : 2023/02/22 16:46:18
Cant. Bits : 34
Valor Binario : 1000000100011000010011010011001101
ID : 36739686
-------------------------


Error : Dato no actualizado
Fecha / Hora : 2023/02/22 16:47:59
Cant. Bits : 34
Valor Binario : 1000000100011000010011010011001101
ID : 36739686
-------------------------


Error : Dato no actualizado
Fecha / Hora : 2023/03/03 10:27:30
Cant. Bits : 8
Valor Binario : 00000000
ID : 0
-------------------------


Error : Dato no actualizado
ERROR 100 : Wiegand IN
Fecha / Hora : 2023/03/03 10:27:43
Cant. Bits : 2
Valor Binario : 00
ID : 99999
-------------------------
ERROR 100 : Wiegand IN
Fecha / Hora : 2023/03/03 10:28:18
Cant. Bits : 2
Valor Binario : 11
ID : 99999
-------------------------
Fecha / Hora : 2023/03/03 10:28:18
Cant. Bits : 31
Valor Binario : 1111111111111111111111111111111
ID : 536870911
-------------------------


Error : Dato no actualizado
Fecha / Hora : 2023/03/03 10:28:27
Cant. Bits : 361
Valor Binario : 1111111111111111111111111111111111111111111111111111111111111111111111111111111111111111111111111111111111111111111111111111111111111111111111111111111111111111111111111111111111111111111111111111111111111111111111111111111111111111111111111111111111111111111111111111111111111111111111111111111111111111111111111111111111111111111111111111111111111111111111111
ID : 1174271291386916613944740298394668513687841274454159935353645485766104512557304221731849499192384351515967487
-------------------------


Error : Dato no actualizado
Fecha / Hora : 2023/03/03 10:28:30
Cant. Bits : 130
Valor Binario : 1111111111111111111111111111111111111111111111111111111111111111111111111111111111111111111111111111111111111111111111111111111111
ID : 340282366920938463463374607431768211455
-------------------------


Error : Dato no actualizado
Fecha / Hora : 2023/03/03 10:35:33
Cant. Bits : 21
Valor Binario : 000000000000000000000
ID : 0
-------------------------


Error : Dato no actualizado
Fecha / Hora : 2023/03/03 13:07:22
Cant. Bits : 21
Valor Binario : 000000000000000000000
ID : 0
-------------------------


Error : Dato no actualizado
Fecha / Hora : 2023/03/03 13:08:19
Cant. Bits : 21
Valor Binario : 000000000000000000000
ID : 0
-------------------------


Error : Dato no actualizado
Fecha / Hora : 2023/03/03 13:09:30
Cant. Bits : 21
Valor Binario : 000000000000000000000
ID : 0
-------------------------


Error : Dato no actualizado
Fecha / Hora : 2023/03/03 14:29:41
Cant. Bits : 21
Valor Binario : 000000000000000000000
ID : 0
-------------------------


Error : Dato no actualizado
Fecha / Hora : 2023/03/03 14:30:52
Cant. Bits : 21
Valor Binario : 000000000000000000000
ID : 0
-------------------------


Error : Dato no actualizado
Fecha / Hora : 2023/03/03 14:32:02
Cant. Bits : 21
Valor Binario : 000000000000000000000
ID : 0
-------------------------


Error : Dato no actualizado
Fecha / Hora : 2023/03/03 14:38:00
Cant. Bits : 21
Valor Binario : 000000000000000000000
ID : 0
-------------------------


Error : Dato no actualizado
Fecha / Hora : 2023/03/03 15:58:12
Cant. Bits : 21
Valor Binario : 000000000000000000000
ID : 0
-------------------------


Error : Dato no actualizado
Fecha / Hora : 2023/03/03 16:03:22
Cant. Bits : 21
Valor Binario : 000000000000000000000
ID : 0
-------------------------


Error : Dato no actualizado
Fecha / Hora : 2023/03/06 14:37:06
Cant. Bits : 21
Valor Binario : 000000000000000000000
ID : 0
-------------------------


Error : Dato no actualizado
Fecha / Hora : 2023/03/06 15:25:11
Cant. Bits : 21
Valor Binario : 000000000000000000000
ID : 0
-------------------------


Error : Dato no actualizado
Fecha / Hora : 2023/03/06 15:25:25
Cant. Bits : 21
Valor Binario : 000000000000000000000
ID : 0
-------------------------


Error : Dato no actualizado
Fecha / Hora : 2023/03/06 15:28:14
Cant. Bits : 21
Valor Binario : 000000000000000000000
ID : 0
-------------------------


Error : Dato no actualizado
Fecha / Hora : 2023/03/06 15:30:21
Cant. Bits : 21
Valor Binario : 000000000000000000000
ID : 0
-------------------------


Error : Dato no actualizado
Fecha / Hora : 2023/03/06 15:37:58
Cant. Bits : 21
Valor Binario : 000000000000000000000
ID : 0
-------------------------


Error : Dato no actualizado
Fecha / Hora : 2023/03/06 15:39:10
Cant. Bits : 21
Valor Binario : 000000000000000000000
ID : 0
-------------------------


Error : Dato no actualizado
Fecha / Hora : 2023/03/06 16:47:02
Cant. Bits : 21
Valor Binario : 000000000000000000000
ID : 0
-------------------------


Error : Dato no actualizado
Fecha / Hora : 2023/03/06 16:47:05
Cant. Bits : 21
Valor Binario : 000000000000000000000
ID : 0
-------------------------


Error : Dato no actualizado
Fecha / Hora : 2023/03/06 16:47:11
Cant. Bits : 21
Valor Binario : 000000000000000000000
ID : 0
-------------------------


Error : Dato no actualizado
Fecha / Hora : 2023/03/07 14:15:08
Cant. Bits : 21
Valor Binario : 000000000000000000000
ID : 0
-------------------------


Error : Dato no actualizado
Fecha / Hora : 2023/03/07 14:28:01
Cant. Bits : 21
Valor Binario : 000000000000000000000
ID : 0
-------------------------


Error : Dato no actualizado
Fecha / Hora : 2023/03/07 14:54:05
Cant. Bits : 21
Valor Binario : 000000000000000000000
ID : 0
-------------------------


Error : Dato no actualizado
Fecha / Hora : 2023/03/07 15:17:25
Cant. Bits : 21
Valor Binario : 000000000000000000000
ID : 0
-------------------------


Error : Dato no actualizado
Fecha / Hora : 2023/03/07 15:18:51
Cant. Bits : 21
Valor Binario : 000000000000000000000
ID : 0
-------------------------


Error : Dato no actualizado
Fecha / Hora : 2023/03/07 15:19:08
Cant. Bits : 21
Valor Binario : 000000000000000000000
ID : 0
-------------------------


Error : Dato no actualizado
Fecha / Hora : 2023/03/07 15:19:10
Cant. Bits : 21
Valor Binario : 000000000000000000000
ID : 0
-------------------------


Error : Dato no actualizado
Fecha / Hora : 2023/03/07 15:19:13
Cant. Bits : 21
Valor Binario : 000000000000000000000
ID : 0
-------------------------


Error : Dato no actualizado
Fecha / Hora : 2023/03/07 15:19:46
Cant. Bits : 21
Valor Binario : 000000000000000000000
ID : 0
-------------------------


Error : Dato no actualizado
Fecha / Hora : 2023/03/07 15:20:22
Cant. Bits : 21
Valor Binario : 000000000000000000000
ID : 0
-------------------------


Error : Dato no actualizado
Fecha / Hora : 2023/03/07 15:22:32
Cant. Bits : 21
Valor Binario : 000000000000000000000
ID : 0
-------------------------


Error : Dato no actualizado
Fecha / Hora : 2023/03/07 15:22:35
Cant. Bits : 21
Valor Binario : 000000000000000000000
ID : 0
-------------------------


Error : Dato no actualizado
Fecha / Hora : 2023/03/07 15:22:39
Cant. Bits : 21
Valor Binario : 000000000000000000000
ID : 0
-------------------------


Error : Dato no actualizado
Fecha / Hora : 2023/03/07 15:23:24
Cant. Bits : 21
Valor Binario : 000000000000000000000
ID : 0
-------------------------


Error : Dato no actualizado
Fecha / Hora : 2023/03/07 15:24:30
Cant. Bits : 21
Valor Binario : 000000000000000000000
ID : 0
-------------------------


Error : Dato no actualizado
Fecha / Hora : 2023/03/07 15:24:54
Cant. Bits : 21
Valor Binario : 000000000000000000000
ID : 0
-------------------------


Error : Dato no actualizado
Fecha / Hora : 2023/03/07 15:25:53
Cant. Bits : 21
Valor Binario : 000000000000000000000
ID : 0
-------------------------


Error : Dato no actualizado
Fecha / Hora : 2023/03/07 15:28:31
Cant. Bits : 21
Valor Binario : 000000000000000000000
ID : 0
-------------------------


Error : Dato no actualizado
Fecha / Hora : 2023/03/07 15:29:00
Cant. Bits : 21
Valor Binario : 000000000000000000000
ID : 0
-------------------------


Error : Dato no actualizado
Fecha / Hora : 2023/03/07 15:29:10
Cant. Bits : 21
Valor Binario : 000000000000000000000
ID : 0
-------------------------


Error : Dato no actualizado
Fecha / Hora : 2023/03/07 15:30:59
Cant. Bits : 21
Valor Binario : 000000000000000000000
ID : 0
-------------------------


Error : Dato no actualizado
Fecha / Hora : 2023/03/07 15:32:19
Cant. Bits : 21
Valor Binario : 000000000000000000000
ID : 0
-------------------------


Error : Dato no actualizado
Fecha / Hora : 2023/03/07 15:32:37
Cant. Bits : 21
Valor Binario : 000000000000000000000
ID : 0
-------------------------


Error : Dato no actualizado
Fecha / Hora : 2023/03/07 15:34:25
Cant. Bits : 21
Valor Binario : 000000000000000000000
ID : 0
-------------------------


Error : Dato no actualizado
Fecha / Hora : 2023/03/07 15:34:42
Cant. Bits : 21
Valor Binario : 000000000000000000000
ID : 0
-------------------------


Error : Dato no actualizado
Fecha / Hora : 2023/03/07 15:34:48
Cant. Bits : 21
Valor Binario : 000000000000000000000
ID : 0
-------------------------


Error : Dato no actualizado
Fecha / Hora : 2023/03/07 15:36:44
Cant. Bits : 42
Valor Binario : 000000000000000000000000000000000000000000
ID : 0
-------------------------


Error : Dato no actualizado
Fecha / Hora : 2023/03/07 15:38:37
Cant. Bits : 21
Valor Binario : 000000000000000000000
ID : 0
-------------------------


Error : Dato no actualizado
Fecha / Hora : 2023/03/07 15:38:59
Cant. Bits : 21
Valor Binario : 000000000000000000000
ID : 0
-------------------------


Error : Dato no actualizado
Fecha / Hora : 2023/03/07 15:39:06
Cant. Bits : 21
Valor Binario : 000000000000000000000
ID : 0
-------------------------


Error : Dato no actualizado
Fecha / Hora : 2023/03/07 15:44:37
Cant. Bits : 21
Valor Binario : 000000000000000000000
ID : 0
-------------------------


Error : Dato no actualizado
Fecha / Hora : 2023/03/07 15:45:15
Cant. Bits : 21
Valor Binario : 000000000000000000000
ID : 0
-------------------------


Error : Dato no actualizado
Fecha / Hora : 2023/03/07 15:45:17
Cant. Bits : 21
Valor Binario : 000000000000000000000
ID : 0
-------------------------


Error : Dato no actualizado
Fecha / Hora : 2023/03/07 15:45:38
Cant. Bits : 21
Valor Binario : 000000000000000000000
ID : 0
-------------------------


Error : Dato no actualizado
Fecha / Hora : 2023/03/07 15:45:41
Cant. Bits : 21
Valor Binario : 000000000000000000000
ID : 0
-------------------------


Error : Dato no actualizado
Fecha / Hora : 2023/03/07 15:46:37
Cant. Bits : 21
Valor Binario : 000000000000000000000
ID : 0
-------------------------


Error : Dato no actualizado
Fecha / Hora : 2023/03/07 15:46:59
Cant. Bits : 21
Valor Binario : 000000000000000000000
ID : 0
-------------------------


Error : Dato no actualizado
Fecha / Hora : 2023/03/07 16:45:33
Cant. Bits : 21
Valor Binario : 000000000000000000000
ID : 0
-------------------------


Error : Dato no actualizado
Fecha / Hora : 2023/03/07 16:45:47
Cant. Bits : 21
Valor Binario : 000000000000000000000
ID : 0
-------------------------


Error : Dato no actualizado
Fecha / Hora : 2023/03/07 16:46:34
Cant. Bits : 21
Valor Binario : 000000000000000000000
ID : 0
-------------------------


Error : Dato no actualizado
Fecha / Hora : 2023/03/07 16:46:46
Cant. Bits : 21
Valor Binario : 000000000000000000000
ID : 0
-------------------------


Error : Dato no actualizado
Fecha / Hora : 2023/03/07 17:19:12
Cant. Bits : 21
Valor Binario : 000000000000000000000
ID : 0
-------------------------


Error : Dato no actualizado
Fecha / Hora : 2023/03/07 17:19:24
Cant. Bits : 21
Valor Binario : 000000000000000000000
ID : 0
-------------------------


Error : Dato no actualizado
Fecha / Hora : 2023/03/07 17:32:03
Cant. Bits : 21
Valor Binario : 000000000000000000000
ID : 0
-------------------------


Error : Dato no actualizado
Fecha / Hora : 2023/03/07 17:32:52
Cant. Bits : 21
Valor Binario : 000000000000000000000
ID : 0
-------------------------


Error : Dato no actualizado
Fecha / Hora : 2023/03/07 17:34:18
Cant. Bits : 21
Valor Binario : 000000000000000000000
ID : 0
-------------------------


Error : Dato no actualizado
Fecha / Hora : 2023/03/07 17:37:09
Cant. Bits : 21
Valor Binario : 000000000000000000000
ID : 0
-------------------------


Error : Dato no actualizado
Fecha / Hora : 2023/03/07 17:38:45
Cant. Bits : 21
Valor Binario : 000000000000000000000
ID : 0
-------------------------


Error : Dato no actualizado
Fecha / Hora : 2023/03/07 17:39:32
Fecha / Hora : 2023/03/07 17:41:56
Cant. Bits : 21
Valor Binario : 000000000000000000000
ID : 0
-------------------------


Error : Dato no actualizado
Fecha / Hora : 2023/03/07 17:42:02
Cant. Bits : 21
Valor Binario : 000000000000000000000
ID : 0
-------------------------


Error : Dato no actualizado
Fecha / Hora : 2023/03/07 17:42:55
Cant. Bits : 21
Valor Binario : 000000000000000000000
ID : 0
-------------------------


Error : Dato no actualizado
Fecha / Hora : 2023/03/08 10:12:27
Cant. Bits : 21
Valor Binario : 111111111111111111111
ID : 524287
-------------------------


Error : Dato no actualizado
ERROR 100 : Wiegand IN
Fecha / Hora : 2023/03/08 10:13:12
Cant. Bits : 2
Valor Binario : 00
ID : 99999
-------------------------
Fecha / Hora : 2023/03/08 10:13:18
Cant. Bits : 11
Valor Binario : 00000000000
ID : 0
-------------------------


Error : Dato no actualizado
Fecha / Hora : 2023/03/08 10:13:20
Cant. Bits : 59
Valor Binario : 00000000000000000000000000000000000000000000000000000000000
ID : 0
-------------------------


Error : Dato no actualizado
Fecha / Hora : 2023/03/08 10:13:23
Cant. Bits : 100
Valor Binario : 0000000000000000000000000000000000000000000000000000000000000000000000000000000000000000000000000000
ID : 0
-------------------------


Error : Dato no actualizado
Fecha / Hora : 2023/03/08 10:13:24
Cant. Bits : 58
Valor Binario : 0000000000000000000000000000000000000000000000000000000000
ID : 0
-------------------------


Error : Dato no actualizado
Fecha / Hora : 2023/03/08 10:13:27
Cant. Bits : 62
Valor Binario : 00000000000000000000000000000000000000000000000000000000000000
ID : 0
-------------------------


Error : Dato no actualizado
Fecha / Hora : 2023/03/08 10:13:29
Cant. Bits : 21
Valor Binario : 111111111111111111111
ID : 524287
-------------------------


Error : Dato no actualizado
Fecha / Hora : 2023/03/08 10:13:39
Cant. Bits : 21
Valor Binario : 111111111111111111111
ID : 524287
-------------------------


Error : Dato no actualizado
Fecha / Hora : 2023/03/08 10:13:49
Cant. Bits : 21
Valor Binario : 111111111111111111111
ID : 524287
-------------------------


Error : Dato no actualizado
Fecha / Hora : 2023/03/08 10:14:04
Cant. Bits : 21
Valor Binario : 111111111111111111111
ID : 524287
-------------------------


Error : Dato no actualizado
Fecha / Hora : 2023/03/08 10:14:17
Cant. Bits : 3
Valor Binario : 000
ID : 0
-------------------------


Error : Dato no actualizado
Fecha / Hora : 2023/03/08 10:14:19
Cant. Bits : 8
Valor Binario : 11111111
ID : 63
-------------------------


Error : Dato no actualizado
Fecha / Hora : 2023/03/08 10:14:29
Cant. Bits : 244
Valor Binario : 1111111111111111111111111111111111111111111111111111111111111111111111111111111111111111111111111111111111111111111111111111111111111111111111111111111111111111111111111111111111111111111111111111111111111111111111111111111111111111111111111111
ID : 7067388259113537318333190002971674063309935587502475832486424805170479103
-------------------------


Error : Dato no actualizado
Fecha / Hora : 2023/03/08 10:14:45
Cant. Bits : 21
Valor Binario : 000000000000000000000
ID : 0
-------------------------


Error : Dato no actualizado
Fecha / Hora : 2023/03/08 10:14:51
Cant. Bits : 21
Valor Binario : 000000000000000000000
ID : 0
-------------------------


Error : Dato no actualizado
ERROR 100 : Wiegand IN
Fecha / Hora : 2023/03/08 10:15:27
Cant. Bits : 1
Valor Binario : 1
ID : 99999
-------------------------
Fecha / Hora : 2023/03/08 10:15:30
Cant. Bits : 118
Valor Binario : 1111111111111111111111111111111111111111111111111111111111111111111111111111111111111111111111111111111111111111111111
ID : 83076749736557242056487941267521535
-------------------------


Error : Dato no actualizado
ERROR 100 : Wiegand IN
Fecha / Hora : 2023/03/08 10:15:31
Cant. Bits : 1
Valor Binario : 1
ID : 99999
-------------------------
Fecha / Hora : 2023/03/08 10:15:32
Cant. Bits : 19
Valor Binario : 1111111111111111111
ID : 131071
-------------------------


Error : Dato no actualizado
ERROR 100 : Wiegand IN
Fecha / Hora : 2023/03/08 10:15:46
Cant. Bits : 1
Valor Binario : 0
ID : 99999
-------------------------
Fecha / Hora : 2023/03/08 10:17:00
Cant. Bits : 34
Valor Binario : 1000000100011000010011010011001101
ID : 36739686
-------------------------


Error : Dato no actualizado
Fecha / Hora : 2023/03/08 10:22:16
Cant. Bits : 34
Valor Binario : 1000000100011000010011010011001101
ID : 36739686
-------------------------


Error : Dato no actualizado
Fecha / Hora : 2023/03/08 10:33:41
Cant. Bits : 34
Valor Binario : 1000000100011000010011010011001101
ID : 36739686
-------------------------


Error : Dato no actualizado
Fecha / Hora : 2023/03/08 10:37:05
Cant. Bits : 34
Valor Binario : 1000000100011000010011010011001101
ID : 36739686
-------------------------


Error : Dato no actualizado
Fecha / Hora : 2023/03/08 10:41:08
Cant. Bits : 34
Valor Binario : 1000000100011000010011010011001101
ID : 36739686
-------------------------


Error : Dato no actualizado
Fecha / Hora : 2023/03/08 10:52:48
Cant. Bits : 34
Valor Binario : 1000000100011000010011010011001101
ID : 36739686
-------------------------


Error : Dato no actualizado
Fecha / Hora : 2023/03/08 10:55:59
Cant. Bits : 34
Valor Binario : 1000000100011000010011010011001101
ID : 36739686
-------------------------


Error : Dato no actualizado
Fecha / Hora : 2023/03/08 11:31:34
Cant. Bits : 34
Valor Binario : 1000000100011000010011010011001101
ID : 36739686
-------------------------


Error : Dato no actualizado
Fecha / Hora : 2023/03/08 11:32:09
Cant. Bits : 34
Valor Binario : 1000000100011000010011010011001101
ID : 36739686
-------------------------


Error : Dato no actualizado
Fecha / Hora : 2023/03/08 11:32:20
Cant. Bits : 34
Valor Binario : 1000000100011000010011010011001101
ID : 36739686
-------------------------


Error : Dato no actualizado
Fecha / Hora : 2023/03/08 11:32:51
Cant. Bits : 34
Valor Binario : 1000000100011000010011010011001101
ID : 36739686
-------------------------


Error : Dato no actualizado
Fecha / Hora : 2023/03/08 11:37:24
Cant. Bits : 34
Valor Binario : 1000000100011000010011010011001101
ID : 36739686
-------------------------


Error : Dato no actualizado
Fecha / Hora : 2023/03/08 11:37:40
Cant. Bits : 34
Valor Binario : 1000000100011000010011010011001101
ID : 36739686
-------------------------


Error : Dato no actualizado
Fecha / Hora : 2023/03/08 11:37:54
Cant. Bits : 34
Valor Binario : 1000000100011000010011010011001101
ID : 36739686
-------------------------


Error : Dato no actualizado
Fecha / Hora : 2023/03/08 11:37:56
Cant. Bits : 34
Valor Binario : 1000000100011000010011010011001101
ID : 36739686
-------------------------


Error : Dato no actualizado
Fecha / Hora : 2023/03/08 11:58:41
Cant. Bits : 34
Valor Binario : 1000000100011000010011010011001101
ID : 36739686
-------------------------


Error : Dato no actualizado
Fecha / Hora : 2023/03/08 11:58:45
Cant. Bits : 34
Valor Binario : 1000000100011000010011010011001101
ID : 36739686
-------------------------


Error : Dato no actualizado
Fecha / Hora : 2023/03/08 11:59:53
Cant. Bits : 34
Valor Binario : 1000000100011000010011010011001101
ID : 36739686
-------------------------


Error : Dato no actualizado
Fecha / Hora : 2023/03/08 11:59:55
Cant. Bits : 34
Valor Binario : 1000000100011000010011010011001101
ID : 36739686
-------------------------


Error : Dato no actualizado
Fecha / Hora : 2023/03/08 11:59:59
Cant. Bits : 34
Valor Binario : 1000000100011000010011010011001101
ID : 36739686
-------------------------


Error : Dato no actualizado
Fecha / Hora : 2023/03/08 12:00:10
Cant. Bits : 34
Valor Binario : 1000000100011000010011010011001101
ID : 36739686
-------------------------


Error : Dato no actualizado
Fecha / Hora : 2023/03/08 12:00:55
Cant. Bits : 34
Valor Binario : 1000000100011000010011010011001101
ID : 36739686
-------------------------


Error : Dato no actualizado
Fecha / Hora : 2023/03/08 12:05:01
Cant. Bits : 34
Valor Binario : 1000000100011000010011010011001101
ID : 36739686
-------------------------


Error : Dato no actualizado
Fecha / Hora : 2023/03/08 12:05:21
Cant. Bits : 34
Valor Binario : 1000000100011000010011010011001101
ID : 36739686
-------------------------


Error : Dato no actualizado
Fecha / Hora : 2023/03/08 13:15:10
Cant. Bits : 34
Valor Binario : 1000000100011000010011010011001101
ID : 36739686
-------------------------


Error : Dato no actualizado
Fecha / Hora : 2023/05/08 15:34:08
Cant. Bits : 34
Valor Binario : 1000000100011000010011010011001101
ID : 36739686
-------------------------


Error : Dato no actualizado
Fecha / Hora : 2023/05/08 15:34:44
Cant. Bits : 34
Valor Binario : 1000000100011000010011010011001101
ID : 36739686
-------------------------


Error : Dato no actualizado
Fecha / Hora : 2023/05/08 15:34:57
Cant. Bits : 34
Valor Binario : 1000000100011000010011010011001101
ID : 36739686
-------------------------


Error : Dato no actualizado
Fecha / Hora : 2023/05/08 15:35:15
Cant. Bits : 34
Valor Binario : 1000000100011000010011010011001101
ID : 36739686
-------------------------


Error : Dato no actualizado
Fecha / Hora : 2023/05/08 15:36:02
Cant. Bits : 26
Valor Binario : 00011001001110000101100110
ID : 3305651
-------------------------


Error : Dato no actualizado
Fecha / Hora : 2023/05/08 15:36:06
Cant. Bits : 34
Valor Binario : 1000000100011000010011010011001101
ID : 36739686
-------------------------


Error : Dato no actualizado
Fecha / Hora : 2023/05/08 15:36:19
Cant. Bits : 34
Valor Binario : 1000000100011000010011010011001101
ID : 36739686
-------------------------


Error : Dato no actualizado
Fecha / Hora : 2023/05/08 15:36:24
Cant. Bits : 26
Valor Binario : 00011001001110000101100110
ID : 3305651
-------------------------


Error : Dato no actualizado
Fecha / Hora : 2023/05/08 15:36:44
Cant. Bits : 34
Valor Binario : 1000000100011000010011010011001101
ID : 36739686
-------------------------


Error : Dato no actualizado
Fecha / Hora : 2023/05/08 15:37:53
Cant. Bits : 26
Valor Binario : 00011001001110000101100110
ID : 3305651
-------------------------


Error : Dato no actualizado
Fecha / Hora : 2023/05/08 15:38:10
Cant. Bits : 26
Valor Binario : 00011001001110000101100110
ID : 3305651
-------------------------


Error : Dato no actualizado
Fecha / Hora : 2023/05/09 08:17:36
Cant. Bits : 34
Valor Binario : 1000000100011000010011010011001101
ID : 36739686
-------------------------


Error : Dato no actualizado
ERROR 100 : Wiegand IN
Fecha / Hora : 2023/05/09 15:52:52
Cant. Bits : 2
Valor Binario : 01
ID : 99999
-------------------------
ERROR 100 : Wiegand IN
Fecha / Hora : 2023/05/10 13:14:19
Cant. Bits : 2
Valor Binario : 01
ID : 99999
-------------------------
Fecha / Hora : 2023/05/10 17:57:27
Cant. Bits : 26
Valor Binario : 00011001001110000101100110
ID : 3305651
-------------------------


Error : Dato no actualizado
Fecha / Hora : 2023/05/11 16:40:45
Cant. Bits : 34
Valor Binario : 1000000100011000010011010011001101
ID : 36739686
-------------------------


Error : Dato no actualizado
Fecha / Hora : 2023/05/12 08:37:33
Cant. Bits : 34
Valor Binario : 1000000100011000010011010011001101
ID : 36739686
-------------------------


Error : Dato no actualizado
Fecha / Hora : 2023/05/15 08:29:15
Cant. Bits : 34
Valor Binario : 1000000100011000010011010011001101
ID : 36739686
-------------------------


Error : Dato no actualizado
